[PPO] Easy-stage curriculum
[PPO] stages=['SuperMarioBros-1-1-v0']
[PPO] phase_steps=100000
[PPO] total_steps=100000
[PPO] device=cuda
Gym has been unmaintained since 2022 and does not support NumPy 2.0 amongst other critical functionality.
Please upgrade to Gymnasium, the maintained drop-in replacement of Gym, or contact the authors of your software and request that they upgrade.
Users of this version of Gym should be able to simply replace 'import gym' with 'import gymnasium as gym' in the vast majority of cases.
See the migration guide at https://gymnasium.farama.org/introduction/migration_guide/ for additional information.
/home/adminuser/yujin/mario/.venv/lib/python3.10/site-packages/gym/envs/registration.py:555: UserWarning: [33mWARN: The environment SuperMarioBros-1-1-v0 is out of date. You should consider upgrading to version `v3`.[0m
  logger.warn(
upd    5/97 step     5120 pool=1/1 avg_ret=  118.42 recent_clear= 0/17 sps=33
  SuperMarioBros-1-1-v0: episodes=  17 clears=  0 clear_rate=0.00% best_x=1803 avg_ret10=  119.52
upd   10/97 step    10240 pool=1/1 avg_ret=  143.79 recent_clear= 0/20 sps=33
  SuperMarioBros-1-1-v0: episodes=  55 clears=  0 clear_rate=0.00% best_x=1803 avg_ret10=   98.26
upd   15/97 step    15360 pool=1/1 avg_ret=   98.57 recent_clear= 0/20 sps=32
  SuperMarioBros-1-1-v0: episodes=  96 clears=  0 clear_rate=0.00% best_x=2023 avg_ret10=  133.12
upd   20/97 step    20480 pool=1/1 avg_ret=  124.69 recent_clear= 0/20 sps=32
  SuperMarioBros-1-1-v0: episodes= 147 clears=  0 clear_rate=0.00% best_x=2023 avg_ret10=  135.47
upd   25/97 step    25600 pool=1/1 avg_ret=  140.34 recent_clear= 0/20 sps=32
  SuperMarioBros-1-1-v0: episodes= 186 clears=  0 clear_rate=0.00% best_x=2023 avg_ret10=  155.48
upd   30/97 step    30720 pool=1/1 avg_ret=  151.21 recent_clear= 0/20 sps=32
  SuperMarioBros-1-1-v0: episodes= 231 clears=  0 clear_rate=0.00% best_x=2023 avg_ret10=   69.14
upd   35/97 step    35840 pool=1/1 avg_ret=  151.91 recent_clear= 0/20 sps=32
  SuperMarioBros-1-1-v0: episodes= 276 clears=  0 clear_rate=0.00% best_x=2023 avg_ret10=  134.49
upd   40/97 step    40960 pool=1/1 avg_ret=  115.55 recent_clear= 0/20 sps=33
  SuperMarioBros-1-1-v0: episodes= 313 clears=  0 clear_rate=0.00% best_x=2023 avg_ret10=  104.95
upd   45/97 step    46080 pool=1/1 avg_ret=   69.79 recent_clear= 0/20 sps=33
  SuperMarioBros-1-1-v0: episodes= 354 clears=  0 clear_rate=0.00% best_x=2023 avg_ret10=   33.46
upd   50/97 step    51200 pool=1/1 avg_ret=   16.07 recent_clear= 0/20 sps=33
  SuperMarioBros-1-1-v0: episodes= 432 clears=  0 clear_rate=0.00% best_x=2023 avg_ret10=   16.11
upd   55/97 step    56320 pool=1/1 avg_ret=   17.60 recent_clear= 0/20 sps=33
  SuperMarioBros-1-1-v0: episodes= 516 clears=  0 clear_rate=0.00% best_x=2023 avg_ret10=   17.69
upd   60/97 step    61440 pool=1/1 avg_ret=   18.17 recent_clear= 0/20 sps=33
  SuperMarioBros-1-1-v0: episodes= 651 clears=  0 clear_rate=0.00% best_x=2023 avg_ret10=   18.16
upd   65/97 step    66560 pool=1/1 avg_ret=   12.90 recent_clear= 0/20 sps=33
  SuperMarioBros-1-1-v0: episodes= 780 clears=  0 clear_rate=0.00% best_x=2023 avg_ret10=   12.83
upd   70/97 step    71680 pool=1/1 avg_ret=   15.43 recent_clear= 0/20 sps=33
  SuperMarioBros-1-1-v0: episodes= 906 clears=  0 clear_rate=0.00% best_x=2023 avg_ret10=   15.06
upd   75/97 step    76800 pool=1/1 avg_ret=    7.90 recent_clear= 0/20 sps=33
  SuperMarioBros-1-1-v0: episodes=1010 clears=  0 clear_rate=0.00% best_x=2023 avg_ret10=    7.37
upd   80/97 step    81920 pool=1/1 avg_ret=   -0.34 recent_clear= 0/20 sps=33
  SuperMarioBros-1-1-v0: episodes=1099 clears=  0 clear_rate=0.00% best_x=2023 avg_ret10=   -0.54
upd   85/97 step    87040 pool=1/1 avg_ret=  -15.46 recent_clear= 0/20 sps=33
  SuperMarioBros-1-1-v0: episodes=1174 clears=  0 clear_rate=0.00% best_x=2023 avg_ret10=  -16.01
upd   90/97 step    92160 pool=1/1 avg_ret=  -43.71 recent_clear= 0/20 sps=33
  SuperMarioBros-1-1-v0: episodes=1231 clears=  0 clear_rate=0.00% best_x=2023 avg_ret10=  -47.58
upd   95/97 step    97280 pool=1/1 avg_ret=  -33.93 recent_clear= 0/20 sps=33
  SuperMarioBros-1-1-v0: episodes=1259 clears=  0 clear_rate=0.00% best_x=2023 avg_ret10=  -31.32
upd   97/97 step    99328 pool=1/1 avg_ret=  -33.42 recent_clear= 0/20 sps=33
  SuperMarioBros-1-1-v0: episodes=1283 clears=  0 clear_rate=0.00% best_x=2023 avg_ret10=  -33.85
[PPO] final model saved -> test5.pt
