Gym has been unmaintained since 2022 and does not support NumPy 2.0 amongst other critical functionality.
Please upgrade to Gymnasium, the maintained drop-in replacement of Gym, or contact the authors of your software and request that they upgrade.
Users of this version of Gym should be able to simply replace 'import gym' with 'import gymnasium as gym' in the vast majority of cases.
See the migration guide at https://gymnasium.farama.org/introduction/migration_guide/ for additional information.
/home/adminuser/yujin/mario/.venv/lib/python3.10/site-packages/gym/envs/registration.py:555: UserWarning: [33mWARN: The environment SuperMarioBros-5-2-v0 is out of date. You should consider upgrading to version `v3`.[0m
  logger.warn(
/home/adminuser/yujin/mario/.venv/lib/python3.10/site-packages/gym/envs/registration.py:555: UserWarning: [33mWARN: The environment SuperMarioBros-2-2-v0 is out of date. You should consider upgrading to version `v3`.[0m
  logger.warn(
/home/adminuser/yujin/mario/.venv/lib/python3.10/site-packages/gym/envs/registration.py:555: UserWarning: [33mWARN: The environment SuperMarioBros-1-1-v0 is out of date. You should consider upgrading to version `v3`.[0m
  logger.warn(
/home/adminuser/yujin/mario/.venv/lib/python3.10/site-packages/gym/envs/registration.py:555: UserWarning: [33mWARN: The environment SuperMarioBros-7-3-v0 is out of date. You should consider upgrading to version `v3`.[0m
  logger.warn(
/home/adminuser/yujin/mario/.venv/lib/python3.10/site-packages/gym/envs/registration.py:555: UserWarning: [33mWARN: The environment SuperMarioBrosRandomStages-v0 is out of date. You should consider upgrading to version `v3`.[0m
  logger.warn(
/home/adminuser/yujin/mario/.venv/lib/python3.10/site-packages/gym/envs/registration.py:555: UserWarning: [33mWARN: The environment SuperMarioBros-5-1-v0 is out of date. You should consider upgrading to version `v3`.[0m
  logger.warn(
/home/adminuser/yujin/mario/.venv/lib/python3.10/site-packages/gym/envs/registration.py:555: UserWarning: [33mWARN: The environment SuperMarioBros-6-2-v0 is out of date. You should consider upgrading to version `v3`.[0m
  logger.warn(
/home/adminuser/yujin/mario/.venv/lib/python3.10/site-packages/gym/envs/registration.py:555: UserWarning: [33mWARN: The environment SuperMarioBros-4-2-v0 is out of date. You should consider upgrading to version `v3`.[0m
  logger.warn(
/home/adminuser/yujin/mario/.venv/lib/python3.10/site-packages/gym/envs/registration.py:555: UserWarning: [33mWARN: The environment SuperMarioBros-8-2-v0 is out of date. You should consider upgrading to version `v3`.[0m
  logger.warn(
/home/adminuser/yujin/mario/.venv/lib/python3.10/site-packages/gym/envs/registration.py:555: UserWarning: [33mWARN: The environment SuperMarioBros-1-4-v0 is out of date. You should consider upgrading to version `v3`.[0m
  logger.warn(
/home/adminuser/yujin/mario/.venv/lib/python3.10/site-packages/gym/envs/registration.py:555: UserWarning: [33mWARN: The environment SuperMarioBros-2-3-v0 is out of date. You should consider upgrading to version `v3`.[0m
  logger.warn(
/home/adminuser/yujin/mario/.venv/lib/python3.10/site-packages/gym/envs/registration.py:555: UserWarning: [33mWARN: The environment SuperMarioBros-3-2-v0 is out of date. You should consider upgrading to version `v3`.[0m
  logger.warn(
/home/adminuser/yujin/mario/.venv/lib/python3.10/site-packages/gym/envs/registration.py:555: UserWarning: [33mWARN: The environment SuperMarioBros-1-3-v0 is out of date. You should consider upgrading to version `v3`.[0m
  logger.warn(
/home/adminuser/yujin/mario/.venv/lib/python3.10/site-packages/gym/envs/registration.py:555: UserWarning: [33mWARN: The environment SuperMarioBros-5-3-v0 is out of date. You should consider upgrading to version `v3`.[0m
  logger.warn(
/home/adminuser/yujin/mario/.venv/lib/python3.10/site-packages/gym/envs/registration.py:555: UserWarning: [33mWARN: The environment SuperMarioBros-5-2-v0 is out of date. You should consider upgrading to version `v3`.[0m
  logger.warn(
/home/adminuser/yujin/mario/.venv/lib/python3.10/site-packages/gym/envs/registration.py:555: UserWarning: [33mWARN: The environment SuperMarioBros-3-1-v0 is out of date. You should consider upgrading to version `v3`.[0m
  logger.warn(
/home/adminuser/yujin/mario/.venv/lib/python3.10/site-packages/gym/envs/registration.py:555: UserWarning: [33mWARN: The environment SuperMarioBros-5-4-v0 is out of date. You should consider upgrading to version `v3`.[0m
  logger.warn(
/home/adminuser/yujin/mario/.venv/lib/python3.10/site-packages/gym/envs/registration.py:555: UserWarning: [33mWARN: The environment SuperMarioBros-3-4-v0 is out of date. You should consider upgrading to version `v3`.[0m
  logger.warn(
/home/adminuser/yujin/mario/.venv/lib/python3.10/site-packages/gym/envs/registration.py:555: UserWarning: [33mWARN: The environment SuperMarioBros-8-4-v0 is out of date. You should consider upgrading to version `v3`.[0m
  logger.warn(
/home/adminuser/yujin/mario/.venv/lib/python3.10/site-packages/gym/envs/registration.py:555: UserWarning: [33mWARN: The environment SuperMarioBros-2-4-v0 is out of date. You should consider upgrading to version `v3`.[0m
  logger.warn(
/home/adminuser/yujin/mario/.venv/lib/python3.10/site-packages/gym/envs/registration.py:555: UserWarning: [33mWARN: The environment SuperMarioBros-4-3-v0 is out of date. You should consider upgrading to version `v3`.[0m
  logger.warn(
/home/adminuser/yujin/mario/.venv/lib/python3.10/site-packages/gym/envs/registration.py:555: UserWarning: [33mWARN: The environment SuperMarioBros-4-4-v0 is out of date. You should consider upgrading to version `v3`.[0m
  logger.warn(
/home/adminuser/yujin/mario/.venv/lib/python3.10/site-packages/gym/envs/registration.py:555: UserWarning: [33mWARN: The environment SuperMarioBros-2-1-v0 is out of date. You should consider upgrading to version `v3`.[0m
  logger.warn(
/home/adminuser/yujin/mario/.venv/lib/python3.10/site-packages/gym/envs/registration.py:555: UserWarning: [33mWARN: The environment SuperMarioBros-1-2-v0 is out of date. You should consider upgrading to version `v3`.[0m
  logger.warn(
/home/adminuser/yujin/mario/.venv/lib/python3.10/site-packages/gym/envs/registration.py:555: UserWarning: [33mWARN: The environment SuperMarioBros-7-4-v0 is out of date. You should consider upgrading to version `v3`.[0m
  logger.warn(
/home/adminuser/yujin/mario/.venv/lib/python3.10/site-packages/gym/envs/registration.py:555: UserWarning: [33mWARN: The environment SuperMarioBros-7-2-v0 is out of date. You should consider upgrading to version `v3`.[0m
  logger.warn(
/home/adminuser/yujin/mario/.venv/lib/python3.10/site-packages/gym/envs/registration.py:555: UserWarning: [33mWARN: The environment SuperMarioBros-8-3-v0 is out of date. You should consider upgrading to version `v3`.[0m
  logger.warn(
/home/adminuser/yujin/mario/.venv/lib/python3.10/site-packages/gym/envs/registration.py:555: UserWarning: [33mWARN: The environment SuperMarioBros-3-3-v0 is out of date. You should consider upgrading to version `v3`.[0m
  logger.warn(
/home/adminuser/yujin/mario/.venv/lib/python3.10/site-packages/gym/envs/registration.py:555: UserWarning: [33mWARN: The environment SuperMarioBros-6-4-v0 is out of date. You should consider upgrading to version `v3`.[0m
  logger.warn(
/home/adminuser/yujin/mario/.venv/lib/python3.10/site-packages/gym/envs/registration.py:555: UserWarning: [33mWARN: The environment SuperMarioBros-6-3-v0 is out of date. You should consider upgrading to version `v3`.[0m
  logger.warn(
/home/adminuser/yujin/mario/.venv/lib/python3.10/site-packages/gym/envs/registration.py:555: UserWarning: [33mWARN: The environment SuperMarioBros-6-1-v0 is out of date. You should consider upgrading to version `v3`.[0m
  logger.warn(
[PPO] curriculum=full start_env=SuperMarioBros-5-2-v0 obs=(4, 84, 84) n_act=12 device=cuda
upd 5/58 step 2560 avg_return  506.80 env SuperMarioBrosRandomStages-v0 sps 19
upd 10/58 step 5120 avg_return  166.17 env SuperMarioBros-6-2-v0 sps 19
upd 15/58 step 7680 avg_return  433.50 env SuperMarioBros-4-2-v0 sps 17
upd 20/58 step 10240 avg_return  421.66 env SuperMarioBros-2-3-v0 sps 19
upd 25/58 step 12800 avg_return  115.78 env SuperMarioBros-3-1-v0 sps 19
upd 30/58 step 15360 avg_return  179.62 env SuperMarioBros-7-2-v0 sps 20
upd 35/58 step 17920 avg_return  182.69 env SuperMarioBros-2-3-v0 sps 20
upd 40/58 step 20480 avg_return  175.04 env SuperMarioBros-3-3-v0 sps 17
upd 45/58 step 23040 avg_return  150.57 env SuperMarioBrosRandomStages-v0 sps 18
upd 50/58 step 25600 avg_return  151.04 env SuperMarioBros-6-2-v0 sps 18
upd 55/58 step 28160 avg_return  177.23 env SuperMarioBrosRandomStages-v0 sps 17
upd 58/58 step 29696 avg_return  173.24 env SuperMarioBros-7-3-v0 sps 17
[PPO] checkpoint -> model_gpu.pt
[PPO] final checkpoint -> model_gpu.pt
