[PPO] Easy-stage curriculum
[PPO] stages=['SuperMarioBros-1-1-v0']
[PPO] phase_steps=100000
[PPO] total_steps=100000
[PPO] device=cuda
Gym has been unmaintained since 2022 and does not support NumPy 2.0 amongst other critical functionality.
Please upgrade to Gymnasium, the maintained drop-in replacement of Gym, or contact the authors of your software and request that they upgrade.
Users of this version of Gym should be able to simply replace 'import gym' with 'import gymnasium as gym' in the vast majority of cases.
See the migration guide at https://gymnasium.farama.org/introduction/migration_guide/ for additional information.
/home/adminuser/yujin/mario/.venv/lib/python3.10/site-packages/gym/envs/registration.py:555: UserWarning: [33mWARN: The environment SuperMarioBros-1-1-v0 is out of date. You should consider upgrading to version `v3`.[0m
  logger.warn(
upd    5/97 step     5120 pool=1/1 avg_ret=  148.41 recent_clear= 0/20 sps=32
  SuperMarioBros-1-1-v0: episodes=  35 clears=  0 clear_rate=0.00% best_x=2763 avg_ret10=  150.54
upd   10/97 step    10240 pool=1/1 avg_ret=  174.89 recent_clear= 0/20 sps=32
  SuperMarioBros-1-1-v0: episodes=  69 clears=  0 clear_rate=0.00% best_x=2763 avg_ret10=  179.55
upd   15/97 step    15360 pool=1/1 avg_ret=  179.25 recent_clear= 0/20 sps=32
  SuperMarioBros-1-1-v0: episodes= 101 clears=  0 clear_rate=0.00% best_x=2763 avg_ret10=  172.49
upd   20/97 step    20480 pool=1/1 avg_ret=  691.17 recent_clear= 1/20 sps=33
  SuperMarioBros-1-1-v0: episodes= 119 clears=  1 clear_rate=0.84% best_x=3161 avg_ret10=  179.42
upd   25/97 step    25600 pool=1/1 avg_ret=  169.33 recent_clear= 0/20 sps=33
  SuperMarioBros-1-1-v0: episodes= 160 clears=  1 clear_rate=0.62% best_x=3161 avg_ret10=  182.50
upd   30/97 step    30720 pool=1/1 avg_ret=  200.96 recent_clear= 0/20 sps=32
  SuperMarioBros-1-1-v0: episodes= 200 clears=  1 clear_rate=0.50% best_x=3161 avg_ret10=  213.47
upd   35/97 step    35840 pool=1/1 avg_ret=  247.21 recent_clear= 0/20 sps=32
  SuperMarioBros-1-1-v0: episodes= 237 clears=  1 clear_rate=0.42% best_x=3161 avg_ret10=  267.41
upd   40/97 step    40960 pool=1/1 avg_ret=  188.70 recent_clear= 0/20 sps=32
  SuperMarioBros-1-1-v0: episodes= 281 clears=  1 clear_rate=0.36% best_x=3161 avg_ret10=  199.43
upd   45/97 step    46080 pool=1/1 avg_ret=  249.89 recent_clear= 0/20 sps=32
  SuperMarioBros-1-1-v0: episodes= 319 clears=  1 clear_rate=0.31% best_x=3161 avg_ret10=  259.74
upd   50/97 step    51200 pool=1/1 avg_ret=  227.31 recent_clear= 0/20 sps=32
  SuperMarioBros-1-1-v0: episodes= 347 clears=  1 clear_rate=0.29% best_x=3161 avg_ret10=  146.12
upd   55/97 step    56320 pool=1/1 avg_ret=   93.58 recent_clear= 0/20 sps=32
  SuperMarioBros-1-1-v0: episodes= 358 clears=  1 clear_rate=0.28% best_x=3161 avg_ret10=   54.39
upd   60/97 step    61440 pool=1/1 avg_ret=   -8.69 recent_clear= 0/20 sps=32
  SuperMarioBros-1-1-v0: episodes= 370 clears=  1 clear_rate=0.27% best_x=3161 avg_ret10=  -67.09
upd   65/97 step    66560 pool=1/1 avg_ret=   52.87 recent_clear= 0/20 sps=32
  SuperMarioBros-1-1-v0: episodes= 389 clears=  1 clear_rate=0.26% best_x=3161 avg_ret10=  128.52
upd   70/97 step    71680 pool=1/1 avg_ret=   77.75 recent_clear= 0/20 sps=32
  SuperMarioBros-1-1-v0: episodes= 405 clears=  1 clear_rate=0.25% best_x=3161 avg_ret10=   33.10
upd   75/97 step    76800 pool=1/1 avg_ret=    0.09 recent_clear= 0/20 sps=32
  SuperMarioBros-1-1-v0: episodes= 416 clears=  1 clear_rate=0.24% best_x=3161 avg_ret10=  -42.38
upd   80/97 step    81920 pool=1/1 avg_ret=  -41.57 recent_clear= 0/20 sps=32
  SuperMarioBros-1-1-v0: episodes= 422 clears=  1 clear_rate=0.24% best_x=3161 avg_ret10= -124.84
upd   85/97 step    87040 pool=1/1 avg_ret= -154.76 recent_clear= 0/20 sps=32
  SuperMarioBros-1-1-v0: episodes= 427 clears=  1 clear_rate=0.23% best_x=3161 avg_ret10= -265.05
upd   90/97 step    92160 pool=1/1 avg_ret= -311.86 recent_clear= 0/20 sps=32
  SuperMarioBros-1-1-v0: episodes= 431 clears=  1 clear_rate=0.23% best_x=3161 avg_ret10= -517.25
upd   95/97 step    97280 pool=1/1 avg_ret= -391.03 recent_clear= 0/20 sps=32
  SuperMarioBros-1-1-v0: episodes= 437 clears=  1 clear_rate=0.23% best_x=3161 avg_ret10= -517.01
upd   97/97 step    99328 pool=1/1 avg_ret= -425.56 recent_clear= 0/20 sps=33
  SuperMarioBros-1-1-v0: episodes= 438 clears=  1 clear_rate=0.23% best_x=3161 avg_ret10= -516.71
[PPO] final model saved -> test6.pt
